0 info it worked if it ends with ok
1 verbose cli [ '/usr/bin/node', '/usr/bin/npm', 'publish' ]
2 info using npm@1.4.28
3 info using node@v0.10.35
4 verbose node symlink /usr/bin/node
5 verbose publish [ '.' ]
6 verbose cache add [ '.', null ]
7 verbose cache add name=undefined spec="." args=[".",null]
8 verbose parsed url { protocol: null,
8 verbose parsed url   slashes: null,
8 verbose parsed url   auth: null,
8 verbose parsed url   host: null,
8 verbose parsed url   port: null,
8 verbose parsed url   hostname: null,
8 verbose parsed url   hash: null,
8 verbose parsed url   search: null,
8 verbose parsed url   query: null,
8 verbose parsed url   pathname: '.',
8 verbose parsed url   path: '.',
8 verbose parsed url   href: '.' }
9 silly lockFile 3a52ce78- .
10 verbose lock . /home/pera/.npm/3a52ce78-.lock
11 verbose tar pack [ '/home/pera/.npm/human2machine/1.0.0/package.tgz', '.' ]
12 verbose tarball /home/pera/.npm/human2machine/1.0.0/package.tgz
13 verbose folder .
14 info prepublish human2machine@1.0.0
15 silly lockFile 1f1177db-tar tar://.
16 verbose lock tar://. /home/pera/.npm/1f1177db-tar.lock
17 silly lockFile 7a76808a--human2machine-1-0-0-package-tgz tar:///home/pera/.npm/human2machine/1.0.0/package.tgz
18 verbose lock tar:///home/pera/.npm/human2machine/1.0.0/package.tgz /home/pera/.npm/7a76808a--human2machine-1-0-0-package-tgz.lock
19 silly lockFile 1f1177db-tar tar://.
20 silly lockFile 1f1177db-tar tar://.
21 silly lockFile 7a76808a--human2machine-1-0-0-package-tgz tar:///home/pera/.npm/human2machine/1.0.0/package.tgz
22 silly lockFile 7a76808a--human2machine-1-0-0-package-tgz tar:///home/pera/.npm/human2machine/1.0.0/package.tgz
23 silly lockFile ac94345c--npm-human2machine-1-0-0-package /home/pera/.npm/human2machine/1.0.0/package
24 verbose lock /home/pera/.npm/human2machine/1.0.0/package /home/pera/.npm/ac94345c--npm-human2machine-1-0-0-package.lock
25 silly lockFile ac94345c--npm-human2machine-1-0-0-package /home/pera/.npm/human2machine/1.0.0/package
26 silly lockFile ac94345c--npm-human2machine-1-0-0-package /home/pera/.npm/human2machine/1.0.0/package
27 silly lockFile 3a52ce78- .
28 silly lockFile 3a52ce78- .
29 error addLocal Could not install .
30 error Error: EACCES, open '/home/pera/.npm/human2machine/1.0.0/package/package.json'
30 error  { [Error: EACCES, open '/home/pera/.npm/human2machine/1.0.0/package/package.json']
30 error   errno: 3,
30 error   code: 'EACCES',
30 error   path: '/home/pera/.npm/human2machine/1.0.0/package/package.json' }
31 error Please try running this command again as root/Administrator.
32 error System Linux 3.13.0-32-generic
33 error command "/usr/bin/node" "/usr/bin/npm" "publish"
34 error cwd /home/pera/node/human2machine
35 error node -v v0.10.35
36 error npm -v 1.4.28
37 error path /home/pera/.npm/human2machine/1.0.0/package/package.json
38 error code EACCES
39 error errno 3
40 error stack Error: EACCES, open '/home/pera/.npm/human2machine/1.0.0/package/package.json'
41 verbose exit [ 3, true ]
